# JRE version: OpenJDK Runtime Environment (8.0_242-b01) (build 1.8.0_242-release-1644-b01)
# Java VM: OpenJDK 64-Bit Server VM (25.242-b01 mixed mode windows-amd64 compressed oops)
Heap:
 PSYoungGen      total 185344K, used 2879K [0x00000000eb180000, 0x00000000f9b80000, 0x0000000100000000)
  eden space 145920K, 1% used [0x00000000eb180000,0x00000000eb44ffb8,0x00000000f4000000)
  from space 39424K, 0% used [0x00000000f6b00000,0x00000000f6b00000,0x00000000f9180000)
  to   space 44032K, 0% used [0x00000000f4000000,0x00000000f4000000,0x00000000f6b00000)
 ParOldGen       total 147968K, used 70831K [0x00000000c1400000, 0x00000000ca480000, 0x00000000eb180000)
  object space 147968K, 47% used [0x00000000c1400000,0x00000000c592bc08,0x00000000ca480000)
 Metaspace       used 58082K, capacity 59198K, committed 59412K, reserved 1101824K
  class space    used 6687K, capacity 7001K, committed 7040K, reserved 1048576K
GC Heap History (10 events):
Event: 11.903 GC heap before
{Heap before GC invocations=9 (full 2):
 PSYoungGen      total 111616K, used 92672K [0x00000000eb180000, 0x00000000f3500000, 0x0000000100000000)
  eden space 92672K, 100% used [0x00000000eb180000,0x00000000f0c00000,0x00000000f0c00000)
  from space 18944K, 0% used [0x00000000f2280000,0x00000000f2280000,0x00000000f3500000)
  to   space 20992K, 0% used [0x00000000f0c00000,0x00000000f0c00000,0x00000000f2080000)
 ParOldGen       total 95232K, used 34616K [0x00000000c1400000, 0x00000000c7100000, 0x00000000eb180000)
  object space 95232K, 36% used [0x00000000c1400000,0x00000000c35ce120,0x00000000c7100000)
 Metaspace       used 43442K, capacity 44246K, committed 44544K, reserved 1087488K
  class space    used 5297K, capacity 5533K, committed 5632K, reserved 1048576K
Event: 11.924 GC heap after
Heap after GC invocations=9 (full 2):
 PSYoungGen      total 113664K, used 19648K [0x00000000eb180000, 0x00000000f5f80000, 0x0000000100000000)
  eden space 92672K, 0% used [0x00000000eb180000,0x00000000eb180000,0x00000000f0c00000)
  from space 20992K, 93% used [0x00000000f0c00000,0x00000000f1f30240,0x00000000f2080000)
  to   space 24064K, 0% used [0x00000000f4800000,0x00000000f4800000,0x00000000f5f80000)
 ParOldGen       total 95232K, used 34624K [0x00000000c1400000, 0x00000000c7100000, 0x00000000eb180000)
  object space 95232K, 36% used [0x00000000c1400000,0x00000000c35d0120,0x00000000c7100000)
 Metaspace       used 43442K, capacity 44246K, committed 44544K, reserved 1087488K
  class space    used 5297K, capacity 5533K, committed 5632K, reserved 1048576K
}
Event: 17.903 GC heap before
{Heap before GC invocations=10 (full 2):
 PSYoungGen      total 113664K, used 112320K [0x00000000eb180000, 0x00000000f5f80000, 0x0000000100000000)
  eden space 92672K, 100% used [0x00000000eb180000,0x00000000f0c00000,0x00000000f0c00000)
  from space 20992K, 93% used [0x00000000f0c00000,0x00000000f1f30240,0x00000000f2080000)
  to   space 24064K, 0% used [0x00000000f4800000,0x00000000f4800000,0x00000000f5f80000)
 ParOldGen       total 95232K, used 34624K [0x00000000c1400000, 0x00000000c7100000, 0x00000000eb180000)
  object space 95232K, 36% used [0x00000000c1400000,0x00000000c35d0120,0x00000000c7100000)
 Metaspace       used 49461K, capacity 50378K, committed 50560K, reserved 1093632K
  class space    used 5920K, capacity 6197K, committed 6272K, reserved 1048576K
Event: 17.935 GC heap after
Heap after GC invocations=10 (full 2):
 PSYoungGen      total 148480K, used 24044K [0x00000000eb180000, 0x00000000f6780000, 0x0000000100000000)
  eden space 124416K, 0% used [0x00000000eb180000,0x00000000eb180000,0x00000000f2b00000)
  from space 24064K, 99% used [0x00000000f4800000,0x00000000f5f7b3a0,0x00000000f5f80000)
  to   space 29696K, 0% used [0x00000000f2b00000,0x00000000f2b00000,0x00000000f4800000)
 ParOldGen       total 95232K, used 38887K [0x00000000c1400000, 0x00000000c7100000, 0x00000000eb180000)
  object space 95232K, 40% used [0x00000000c1400000,0x00000000c39f9c20,0x00000000c7100000)
 Metaspace       used 49461K, capacity 50378K, committed 50560K, reserved 1093632K
  class space    used 5920K, capacity 6197K, committed 6272K, reserved 1048576K
}
Event: 27.199 GC heap before
{Heap before GC invocations=11 (full 2):
 PSYoungGen      total 148480K, used 148460K [0x00000000eb180000, 0x00000000f6780000, 0x0000000100000000)
  eden space 124416K, 100% used [0x00000000eb180000,0x00000000f2b00000,0x00000000f2b00000)
  from space 24064K, 99% used [0x00000000f4800000,0x00000000f5f7b3a0,0x00000000f5f80000)
  to   space 29696K, 0% used [0x00000000f2b00000,0x00000000f2b00000,0x00000000f4800000)
 ParOldGen       total 95232K, used 38887K [0x00000000c1400000, 0x00000000c7100000, 0x00000000eb180000)
  object space 95232K, 40% used [0x00000000c1400000,0x00000000c39f9c20,0x00000000c7100000)
 Metaspace       used 55631K, capacity 56706K, committed 57088K, reserved 1099776K
  class space    used 6484K, capacity 6785K, committed 6912K, reserved 1048576K
Event: 27.265 GC heap after
Heap after GC invocations=11 (full 2):
 PSYoungGen      total 154112K, used 29684K [0x00000000eb180000, 0x00000000f9180000, 0x0000000100000000)
  eden space 124416K, 0% used [0x00000000eb180000,0x00000000eb180000,0x00000000f2b00000)
  from space 29696K, 99% used [0x00000000f2b00000,0x00000000f47fd320,0x00000000f4800000)
  to   space 39424K, 0% used [0x00000000f6b00000,0x00000000f6b00000,0x00000000f9180000)
 ParOldGen       total 95232K, used 51413K [0x00000000c1400000, 0x00000000c7100000, 0x00000000eb180000)
  object space 95232K, 53% used [0x00000000c1400000,0x00000000c4635428,0x00000000c7100000)
 Metaspace       used 55631K, capacity 56706K, committed 57088K, reserved 1099776K
  class space    used 6484K, capacity 6785K, committed 6912K, reserved 1048576K
}
Event: 35.908 GC heap before
{Heap before GC invocations=12 (full 2):
 PSYoungGen      total 154112K, used 116321K [0x00000000eb180000, 0x00000000f9180000, 0x0000000100000000)
  eden space 124416K, 69% used [0x00000000eb180000,0x00000000f061b480,0x00000000f2b00000)
  from space 29696K, 99% used [0x00000000f2b00000,0x00000000f47fd320,0x00000000f4800000)
  to   space 39424K, 0% used [0x00000000f6b00000,0x00000000f6b00000,0x00000000f9180000)
 ParOldGen       total 95232K, used 51413K [0x00000000c1400000, 0x00000000c7100000, 0x00000000eb180000)
  object space 95232K, 53% used [0x00000000c1400000,0x00000000c4635428,0x00000000c7100000)
 Metaspace       used 57708K, capacity 58828K, committed 59028K, reserved 1101824K
  class space    used 6616K, capacity 6902K, committed 6912K, reserved 1048576K
Event: 36.006 GC heap after
Heap after GC invocations=12 (full 2):
 PSYoungGen      total 185344K, used 35775K [0x00000000eb180000, 0x00000000f9b80000, 0x0000000100000000)
  eden space 145920K, 0% used [0x00000000eb180000,0x00000000eb180000,0x00000000f4000000)
  from space 39424K, 90% used [0x00000000f6b00000,0x00000000f8defed8,0x00000000f9180000)
  to   space 44032K, 0% used [0x00000000f4000000,0x00000000f4000000,0x00000000f6b00000)
 ParOldGen       total 95232K, used 51421K [0x00000000c1400000, 0x00000000c7100000, 0x00000000eb180000)
  object space 95232K, 53% used [0x00000000c1400000,0x00000000c4637428,0x00000000c7100000)
 Metaspace       used 57708K, capacity 58828K, committed 59028K, reserved 1101824K
  class space    used 6616K, capacity 6902K, committed 6912K, reserved 1048576K
}
Event: 36.006 GC heap before
{Heap before GC invocations=13 (full 3):
 PSYoungGen      total 185344K, used 35775K [0x00000000eb180000, 0x00000000f9b80000, 0x0000000100000000)
  eden space 145920K, 0% used [0x00000000eb180000,0x00000000eb180000,0x00000000f4000000)
  from space 39424K, 90% used [0x00000000f6b00000,0x00000000f8defed8,0x00000000f9180000)
  to   space 44032K, 0% used [0x00000000f4000000,0x00000000f4000000,0x00000000f6b00000)
 ParOldGen       total 95232K, used 51421K [0x00000000c1400000, 0x00000000c7100000, 0x00000000eb180000)
  object space 95232K, 53% used [0x00000000c1400000,0x00000000c4637428,0x00000000c7100000)
 Metaspace       used 57708K, capacity 58828K, committed 59028K, reserved 1101824K
  class space    used 6616K, capacity 6902K, committed 6912K, reserved 1048576K
Event: 36.713 GC heap after
Heap after GC invocations=13 (full 3):
 PSYoungGen      total 185344K, used 0K [0x00000000eb180000, 0x00000000f9b80000, 0x0000000100000000)
  eden space 145920K, 0% used [0x00000000eb180000,0x00000000eb180000,0x00000000f4000000)
  from space 39424K, 0% used [0x00000000f6b00000,0x00000000f6b00000,0x00000000f9180000)
  to   space 44032K, 0% used [0x00000000f4000000,0x00000000f4000000,0x00000000f6b00000)
 ParOldGen       total 147968K, used 70831K [0x00000000c1400000, 0x00000000ca480000, 0x00000000eb180000)
  object space 147968K, 47% used [0x00000000c1400000,0x00000000c592bc08,0x00000000ca480000)
 Metaspace       used 57708K, capacity 58828K, committed 59028K, reserved 1101824K
  class space    used 6616K, capacity 6902K, committed 6912K, reserved 1048576K
}

