# JRE version: OpenJDK Runtime Environment (8.0_242-b01) (build 1.8.0_242-release-1644-b01)
# Java VM: OpenJDK 64-Bit Server VM (25.242-b01 mixed mode windows-amd64 compressed oops)
Heap:
 PSYoungGen      total 87040K, used 54591K [0x00000000eb180000, 0x00000000f3280000, 0x0000000100000000)
  eden space 67584K, 53% used [0x00000000eb180000,0x00000000ed4f64a0,0x00000000ef380000)
  from space 19456K, 93% used [0x00000000ef380000,0x00000000f05599f8,0x00000000f0680000)
  to   space 22016K, 0% used [0x00000000f1d00000,0x00000000f1d00000,0x00000000f3280000)
 ParOldGen       total 82944K, used 31161K [0x00000000c1400000, 0x00000000c6500000, 0x00000000eb180000)
  object space 82944K, 37% used [0x00000000c1400000,0x00000000c326e5c8,0x00000000c6500000)
 Metaspace       used 44640K, capacity 45438K, committed 45952K, reserved 1089536K
  class space    used 5401K, capacity 5639K, committed 5760K, reserved 1048576K
GC Heap History (10 events):
Event: 3.810 GC heap before
{Heap before GC invocations=7 (full 1):
 PSYoungGen      total 35328K, used 32768K [0x00000000eb180000, 0x00000000f1380000, 0x0000000100000000)
  eden space 32768K, 100% used [0x00000000eb180000,0x00000000ed180000,0x00000000ed180000)
  from space 2560K, 0% used [0x00000000ed180000,0x00000000ed180000,0x00000000ed400000)
  to   space 17408K, 0% used [0x00000000f0280000,0x00000000f0280000,0x00000000f1380000)
 ParOldGen       total 61952K, used 22333K [0x00000000c1400000, 0x00000000c5080000, 0x00000000eb180000)
  object space 61952K, 36% used [0x00000000c1400000,0x00000000c29cf670,0x00000000c5080000)
 Metaspace       used 24752K, capacity 25218K, committed 25344K, reserved 1071104K
  class space    used 3151K, capacity 3314K, committed 3328K, reserved 1048576K
Event: 3.825 GC heap after
Heap after GC invocations=7 (full 1):
 PSYoungGen      total 55808K, used 7178K [0x00000000eb180000, 0x00000000f0a00000, 0x0000000100000000)
  eden space 48128K, 0% used [0x00000000eb180000,0x00000000eb180000,0x00000000ee080000)
  from space 7680K, 93% used [0x00000000f0280000,0x00000000f0982ad0,0x00000000f0a00000)
  to   space 15872K, 0% used [0x00000000eeb00000,0x00000000eeb00000,0x00000000efa80000)
 ParOldGen       total 61952K, used 22341K [0x00000000c1400000, 0x00000000c5080000, 0x00000000eb180000)
  object space 61952K, 36% used [0x00000000c1400000,0x00000000c29d1670,0x00000000c5080000)
 Metaspace       used 24752K, capacity 25218K, committed 25344K, reserved 1071104K
  class space    used 3151K, capacity 3314K, committed 3328K, reserved 1048576K
}
Event: 13.135 GC heap before
{Heap before GC invocations=8 (full 1):
 PSYoungGen      total 55808K, used 55306K [0x00000000eb180000, 0x00000000f0a00000, 0x0000000100000000)
  eden space 48128K, 100% used [0x00000000eb180000,0x00000000ee080000,0x00000000ee080000)
  from space 7680K, 93% used [0x00000000f0280000,0x00000000f0982ad0,0x00000000f0a00000)
  to   space 15872K, 0% used [0x00000000eeb00000,0x00000000eeb00000,0x00000000efa80000)
 ParOldGen       total 61952K, used 22341K [0x00000000c1400000, 0x00000000c5080000, 0x00000000eb180000)
  object space 61952K, 36% used [0x00000000c1400000,0x00000000c29d1670,0x00000000c5080000)
 Metaspace       used 32334K, capacity 32914K, committed 33152K, reserved 1079296K
  class space    used 3984K, capacity 4186K, committed 4224K, reserved 1048576K
Event: 13.156 GC heap after
Heap after GC invocations=8 (full 1):
 PSYoungGen      total 74752K, used 15848K [0x00000000eb180000, 0x00000000f1980000, 0x0000000100000000)
  eden space 58880K, 0% used [0x00000000eb180000,0x00000000eb180000,0x00000000eeb00000)
  from space 15872K, 99% used [0x00000000eeb00000,0x00000000efa7a360,0x00000000efa80000)
  to   space 19456K, 0% used [0x00000000f0680000,0x00000000f0680000,0x00000000f1980000)
 ParOldGen       total 61952K, used 23923K [0x00000000c1400000, 0x00000000c5080000, 0x00000000eb180000)
  object space 61952K, 38% used [0x00000000c1400000,0x00000000c2b5cc58,0x00000000c5080000)
 Metaspace       used 32334K, capacity 32914K, committed 33152K, reserved 1079296K
  class space    used 3984K, capacity 4186K, committed 4224K, reserved 1048576K
}
Event: 14.815 GC heap before
{Heap before GC invocations=9 (full 1):
 PSYoungGen      total 74752K, used 30000K [0x00000000eb180000, 0x00000000f1980000, 0x0000000100000000)
  eden space 58880K, 24% used [0x00000000eb180000,0x00000000ebf51d98,0x00000000eeb00000)
  from space 15872K, 99% used [0x00000000eeb00000,0x00000000efa7a360,0x00000000efa80000)
  to   space 19456K, 0% used [0x00000000f0680000,0x00000000f0680000,0x00000000f1980000)
 ParOldGen       total 61952K, used 23923K [0x00000000c1400000, 0x00000000c5080000, 0x00000000eb180000)
  object space 61952K, 38% used [0x00000000c1400000,0x00000000c2b5cc58,0x00000000c5080000)
 Metaspace       used 34614K, capacity 35166K, committed 35416K, reserved 1081344K
  class space    used 4311K, capacity 4508K, committed 4608K, reserved 1048576K
Event: 14.844 GC heap after
Heap after GC invocations=9 (full 1):
 PSYoungGen      total 87040K, used 12048K [0x00000000eb180000, 0x00000000f2880000, 0x0000000100000000)
  eden space 67584K, 0% used [0x00000000eb180000,0x00000000eb180000,0x00000000ef380000)
  from space 19456K, 61% used [0x00000000f0680000,0x00000000f1244108,0x00000000f1980000)
  to   space 19456K, 0% used [0x00000000ef380000,0x00000000ef380000,0x00000000f0680000)
 ParOldGen       total 61952K, used 23931K [0x00000000c1400000, 0x00000000c5080000, 0x00000000eb180000)
  object space 61952K, 38% used [0x00000000c1400000,0x00000000c2b5ec58,0x00000000c5080000)
 Metaspace       used 34614K, capacity 35166K, committed 35416K, reserved 1081344K
  class space    used 4311K, capacity 4508K, committed 4608K, reserved 1048576K
}
Event: 14.844 GC heap before
{Heap before GC invocations=10 (full 2):
 PSYoungGen      total 87040K, used 12048K [0x00000000eb180000, 0x00000000f2880000, 0x0000000100000000)
  eden space 67584K, 0% used [0x00000000eb180000,0x00000000eb180000,0x00000000ef380000)
  from space 19456K, 61% used [0x00000000f0680000,0x00000000f1244108,0x00000000f1980000)
  to   space 19456K, 0% used [0x00000000ef380000,0x00000000ef380000,0x00000000f0680000)
 ParOldGen       total 61952K, used 23931K [0x00000000c1400000, 0x00000000c5080000, 0x00000000eb180000)
  object space 61952K, 38% used [0x00000000c1400000,0x00000000c2b5ec58,0x00000000c5080000)
 Metaspace       used 34614K, capacity 35166K, committed 35416K, reserved 1081344K
  class space    used 4311K, capacity 4508K, committed 4608K, reserved 1048576K
Event: 14.934 GC heap after
Heap after GC invocations=10 (full 2):
 PSYoungGen      total 87040K, used 0K [0x00000000eb180000, 0x00000000f2880000, 0x0000000100000000)
  eden space 67584K, 0% used [0x00000000eb180000,0x00000000eb180000,0x00000000ef380000)
  from space 19456K, 0% used [0x00000000f0680000,0x00000000f0680000,0x00000000f1980000)
  to   space 19456K, 0% used [0x00000000ef380000,0x00000000ef380000,0x00000000f0680000)
 ParOldGen       total 82944K, used 31138K [0x00000000c1400000, 0x00000000c6500000, 0x00000000eb180000)
  object space 82944K, 37% used [0x00000000c1400000,0x00000000c32689b8,0x00000000c6500000)
 Metaspace       used 34614K, capacity 35166K, committed 35416K, reserved 1081344K
  class space    used 4311K, capacity 4508K, committed 4608K, reserved 1048576K
}
Event: 16.298 GC heap before
{Heap before GC invocations=11 (full 2):
 PSYoungGen      total 87040K, used 67584K [0x00000000eb180000, 0x00000000f2880000, 0x0000000100000000)
  eden space 67584K, 100% used [0x00000000eb180000,0x00000000ef380000,0x00000000ef380000)
  from space 19456K, 0% used [0x00000000f0680000,0x00000000f0680000,0x00000000f1980000)
  to   space 19456K, 0% used [0x00000000ef380000,0x00000000ef380000,0x00000000f0680000)
 ParOldGen       total 82944K, used 31138K [0x00000000c1400000, 0x00000000c6500000, 0x00000000eb180000)
  object space 82944K, 37% used [0x00000000c1400000,0x00000000c32689b8,0x00000000c6500000)
 Metaspace       used 42296K, capacity 43040K, committed 43392K, reserved 1087488K
  class space    used 5192K, capacity 5426K, committed 5504K, reserved 1048576K
Event: 16.319 GC heap after
Heap after GC invocations=11 (full 2):
 PSYoungGen      total 87040K, used 18278K [0x00000000eb180000, 0x00000000f3280000, 0x0000000100000000)
  eden space 67584K, 0% used [0x00000000eb180000,0x00000000eb180000,0x00000000ef380000)
  from space 19456K, 93% used [0x00000000ef380000,0x00000000f05599f8,0x00000000f0680000)
  to   space 22016K, 0% used [0x00000000f1d00000,0x00000000f1d00000,0x00000000f3280000)
 ParOldGen       total 82944K, used 31161K [0x00000000c1400000, 0x00000000c6500000, 0x00000000eb180000)
  object space 82944K, 37% used [0x00000000c1400000,0x00000000c326e5c8,0x00000000c6500000)
 Metaspace       used 42296K, capacity 43040K, committed 43392K, reserved 1087488K
  class space    used 5192K, capacity 5426K, committed 5504K, reserved 1048576K
}

