# JRE version: OpenJDK Runtime Environment (8.0_242-b01) (build 1.8.0_242-release-1644-b01)
# Java VM: OpenJDK 64-Bit Server VM (25.242-b01 mixed mode windows-amd64 compressed oops)
Heap:
 PSYoungGen      total 190464K, used 144157K [0x00000000d5580000, 0x00000000e3b80000, 0x0000000100000000)
  eden space 166912K, 72% used [0x00000000d5580000,0x00000000dcb4be08,0x00000000df880000)
  from space 23552K, 99% used [0x00000000e2480000,0x00000000e3b7b710,0x00000000e3b80000)
  to   space 20480K, 0% used [0x00000000df880000,0x00000000df880000,0x00000000e0c80000)
 ParOldGen       total 89600K, used 42044K [0x0000000080000000, 0x0000000085780000, 0x00000000d5580000)
  object space 89600K, 46% used [0x0000000080000000,0x000000008290f040,0x0000000085780000)
 Metaspace       used 84003K, capacity 88434K, committed 88576K, reserved 1126400K
  class space    used 11205K, capacity 11990K, committed 12032K, reserved 1048576K
GC Heap History (10 events):
Event: 25.186 GC heap before
{Heap before GC invocations=17 (full 2):
 PSYoungGen      total 145920K, used 143226K [0x00000000d5580000, 0x00000000df500000, 0x0000000100000000)
  eden space 134656K, 98% used [0x00000000d5580000,0x00000000dd6605a0,0x00000000dd900000)
  from space 11264K, 99% used [0x00000000de700000,0x00000000df1fe2e0,0x00000000df200000)
  to   space 14336K, 0% used [0x00000000dd900000,0x00000000dd900000,0x00000000de700000)
 ParOldGen       total 52736K, used 17583K [0x0000000080000000, 0x0000000083380000, 0x00000000d5580000)
  object space 52736K, 33% used [0x0000000080000000,0x000000008112be50,0x0000000083380000)
 Metaspace       used 56432K, capacity 59054K, committed 59096K, reserved 1099776K
  class space    used 7543K, capacity 8048K, committed 8064K, reserved 1048576K
Event: 25.225 GC heap after
Heap after GC invocations=17 (full 2):
 PSYoungGen      total 148992K, used 14320K [0x00000000d5580000, 0x00000000e2400000, 0x0000000100000000)
  eden space 134656K, 0% used [0x00000000d5580000,0x00000000d5580000,0x00000000dd900000)
  from space 14336K, 99% used [0x00000000dd900000,0x00000000de6fc108,0x00000000de700000)
  to   space 18944K, 0% used [0x00000000e1180000,0x00000000e1180000,0x00000000e2400000)
 ParOldGen       total 52736K, used 23836K [0x0000000080000000, 0x0000000083380000, 0x00000000d5580000)
  object space 52736K, 45% used [0x0000000080000000,0x0000000081747138,0x0000000083380000)
 Metaspace       used 56432K, capacity 59054K, committed 59096K, reserved 1099776K
  class space    used 7543K, capacity 8048K, committed 8064K, reserved 1048576K
}
Event: 25.225 GC heap before
{Heap before GC invocations=18 (full 3):
 PSYoungGen      total 148992K, used 14320K [0x00000000d5580000, 0x00000000e2400000, 0x0000000100000000)
  eden space 134656K, 0% used [0x00000000d5580000,0x00000000d5580000,0x00000000dd900000)
  from space 14336K, 99% used [0x00000000dd900000,0x00000000de6fc108,0x00000000de700000)
  to   space 18944K, 0% used [0x00000000e1180000,0x00000000e1180000,0x00000000e2400000)
 ParOldGen       total 52736K, used 23836K [0x0000000080000000, 0x0000000083380000, 0x00000000d5580000)
  object space 52736K, 45% used [0x0000000080000000,0x0000000081747138,0x0000000083380000)
 Metaspace       used 56432K, capacity 59054K, committed 59096K, reserved 1099776K
  class space    used 7543K, capacity 8048K, committed 8064K, reserved 1048576K
Event: 25.535 GC heap after
Heap after GC invocations=18 (full 3):
 PSYoungGen      total 148992K, used 0K [0x00000000d5580000, 0x00000000e2400000, 0x0000000100000000)
  eden space 134656K, 0% used [0x00000000d5580000,0x00000000d5580000,0x00000000dd900000)
  from space 14336K, 0% used [0x00000000dd900000,0x00000000dd900000,0x00000000de700000)
  to   space 18944K, 0% used [0x00000000e1180000,0x00000000e1180000,0x00000000e2400000)
 ParOldGen       total 89600K, used 36471K [0x0000000080000000, 0x0000000085780000, 0x00000000d5580000)
  object space 89600K, 40% used [0x0000000080000000,0x000000008239dd78,0x0000000085780000)
 Metaspace       used 56382K, capacity 58886K, committed 59096K, reserved 1099776K
  class space    used 7528K, capacity 8020K, committed 8064K, reserved 1048576K
}
Event: 32.612 GC heap before
{Heap before GC invocations=19 (full 3):
 PSYoungGen      total 148992K, used 134656K [0x00000000d5580000, 0x00000000e2400000, 0x0000000100000000)
  eden space 134656K, 100% used [0x00000000d5580000,0x00000000dd900000,0x00000000dd900000)
  from space 14336K, 0% used [0x00000000dd900000,0x00000000dd900000,0x00000000de700000)
  to   space 18944K, 0% used [0x00000000e1180000,0x00000000e1180000,0x00000000e2400000)
 ParOldGen       total 89600K, used 36471K [0x0000000080000000, 0x0000000085780000, 0x00000000d5580000)
  object space 89600K, 40% used [0x0000000080000000,0x000000008239dd78,0x0000000085780000)
 Metaspace       used 66232K, capacity 69140K, committed 69376K, reserved 1110016K
  class space    used 9074K, capacity 9633K, committed 9728K, reserved 1048576K
Event: 32.640 GC heap after
Heap after GC invocations=19 (full 3):
 PSYoungGen      total 180736K, used 15209K [0x00000000d5580000, 0x00000000e2080000, 0x0000000100000000)
  eden space 165376K, 0% used [0x00000000d5580000,0x00000000d5580000,0x00000000df700000)
  from space 15360K, 99% used [0x00000000e1180000,0x00000000e205a6f0,0x00000000e2080000)
  to   space 20480K, 0% used [0x00000000df880000,0x00000000df880000,0x00000000e0c80000)
 ParOldGen       total 89600K, used 36479K [0x0000000080000000, 0x0000000085780000, 0x00000000d5580000)
  object space 89600K, 40% used [0x0000000080000000,0x000000008239fd78,0x0000000085780000)
 Metaspace       used 66232K, capacity 69140K, committed 69376K, reserved 1110016K
  class space    used 9074K, capacity 9633K, committed 9728K, reserved 1048576K
}
Event: 39.094 GC heap before
{Heap before GC invocations=20 (full 3):
 PSYoungGen      total 180736K, used 180585K [0x00000000d5580000, 0x00000000e2080000, 0x0000000100000000)
  eden space 165376K, 100% used [0x00000000d5580000,0x00000000df700000,0x00000000df700000)
  from space 15360K, 99% used [0x00000000e1180000,0x00000000e205a6f0,0x00000000e2080000)
  to   space 20480K, 0% used [0x00000000df880000,0x00000000df880000,0x00000000e0c80000)
 ParOldGen       total 89600K, used 36479K [0x0000000080000000, 0x0000000085780000, 0x00000000d5580000)
  object space 89600K, 40% used [0x0000000080000000,0x000000008239fd78,0x0000000085780000)
 Metaspace       used 69976K, capacity 73952K, committed 74112K, reserved 1114112K
  class space    used 9612K, capacity 10353K, committed 10368K, reserved 1048576K
Event: 39.141 GC heap after
Heap after GC invocations=20 (full 3):
 PSYoungGen      total 187392K, used 20087K [0x00000000d5580000, 0x00000000e3b80000, 0x0000000100000000)
  eden space 166912K, 0% used [0x00000000d5580000,0x00000000d5580000,0x00000000df880000)
  from space 20480K, 98% used [0x00000000df880000,0x00000000e0c1dec0,0x00000000e0c80000)
  to   space 23552K, 0% used [0x00000000e2480000,0x00000000e2480000,0x00000000e3b80000)
 ParOldGen       total 89600K, used 36487K [0x0000000080000000, 0x0000000085780000, 0x00000000d5580000)
  object space 89600K, 40% used [0x0000000080000000,0x00000000823a1d78,0x0000000085780000)
 Metaspace       used 69976K, capacity 73952K, committed 74112K, reserved 1114112K
  class space    used 9612K, capacity 10353K, committed 10368K, reserved 1048576K
}
Event: 85.010 GC heap before
{Heap before GC invocations=21 (full 3):
 PSYoungGen      total 187392K, used 186999K [0x00000000d5580000, 0x00000000e3b80000, 0x0000000100000000)
  eden space 166912K, 100% used [0x00000000d5580000,0x00000000df880000,0x00000000df880000)
  from space 20480K, 98% used [0x00000000df880000,0x00000000e0c1dec0,0x00000000e0c80000)
  to   space 23552K, 0% used [0x00000000e2480000,0x00000000e2480000,0x00000000e3b80000)
 ParOldGen       total 89600K, used 36487K [0x0000000080000000, 0x0000000085780000, 0x00000000d5580000)
  object space 89600K, 40% used [0x0000000080000000,0x00000000823a1d78,0x0000000085780000)
 Metaspace       used 76558K, capacity 80874K, committed 81024K, reserved 1118208K
  class space    used 10503K, capacity 11295K, committed 11392K, reserved 1048576K
Event: 98.971 GC heap after
Heap after GC invocations=21 (full 3):
 PSYoungGen      total 190464K, used 23533K [0x00000000d5580000, 0x00000000e3b80000, 0x0000000100000000)
  eden space 166912K, 0% used [0x00000000d5580000,0x00000000d5580000,0x00000000df880000)
  from space 23552K, 99% used [0x00000000e2480000,0x00000000e3b7b710,0x00000000e3b80000)
  to   space 20480K, 0% used [0x00000000df880000,0x00000000df880000,0x00000000e0c80000)
 ParOldGen       total 89600K, used 42044K [0x0000000080000000, 0x0000000085780000, 0x00000000d5580000)
  object space 89600K, 46% used [0x0000000080000000,0x000000008290f040,0x0000000085780000)
 Metaspace       used 76558K, capacity 80874K, committed 81024K, reserved 1118208K
  class space    used 10503K, capacity 11295K, committed 11392K, reserved 1048576K
}

