# JRE version: OpenJDK Runtime Environment (8.0_242-b01) (build 1.8.0_242-release-1644-b01)
# Java VM: OpenJDK 64-Bit Server VM (25.242-b01 mixed mode windows-amd64 compressed oops)
Heap:
 PSYoungGen      total 67072K, used 5131K [0x00000000eb180000, 0x00000000f1b80000, 0x0000000100000000)
  eden space 52736K, 9% used [0x00000000eb180000,0x00000000eb682eb8,0x00000000ee500000)
  from space 14336K, 0% used [0x00000000ee500000,0x00000000ee500000,0x00000000ef300000)
  to   space 16384K, 0% used [0x00000000f0b80000,0x00000000f0b80000,0x00000000f1b80000)
 ParOldGen       total 73216K, used 34482K [0x00000000c1400000, 0x00000000c5b80000, 0x00000000eb180000)
  object space 73216K, 47% used [0x00000000c1400000,0x00000000c35acb38,0x00000000c5b80000)
 Metaspace       used 35933K, capacity 36532K, committed 36824K, reserved 1081344K
  class space    used 4480K, capacity 4679K, committed 4736K, reserved 1048576K
GC Heap History (10 events):
Event: 10.851 GC heap before
{Heap before GC invocations=7 (full 1):
 PSYoungGen      total 43008K, used 11068K [0x00000000eb180000, 0x00000000eeb80000, 0x0000000100000000)
  eden space 31232K, 0% used [0x00000000eb180000,0x00000000eb180000,0x00000000ed000000)
  from space 11776K, 93% used [0x00000000edd00000,0x00000000ee7cf068,0x00000000ee880000)
  to   space 13312K, 0% used [0x00000000ed000000,0x00000000ed000000,0x00000000edd00000)
 ParOldGen       total 44032K, used 20302K [0x00000000c1400000, 0x00000000c3f00000, 0x00000000eb180000)
  object space 44032K, 46% used [0x00000000c1400000,0x00000000c27d3b28,0x00000000c3f00000)
 Metaspace       used 20779K, capacity 21174K, committed 21248K, reserved 1069056K
  class space    used 2367K, capacity 2527K, committed 2560K, reserved 1048576K
Event: 10.918 GC heap after
Heap after GC invocations=7 (full 1):
 PSYoungGen      total 43008K, used 0K [0x00000000eb180000, 0x00000000eeb80000, 0x0000000100000000)
  eden space 31232K, 0% used [0x00000000eb180000,0x00000000eb180000,0x00000000ed000000)
  from space 11776K, 0% used [0x00000000edd00000,0x00000000edd00000,0x00000000ee880000)
  to   space 13312K, 0% used [0x00000000ed000000,0x00000000ed000000,0x00000000edd00000)
 ParOldGen       total 50688K, used 21195K [0x00000000c1400000, 0x00000000c4580000, 0x00000000eb180000)
  object space 50688K, 41% used [0x00000000c1400000,0x00000000c28b2cd8,0x00000000c4580000)
 Metaspace       used 20779K, capacity 21174K, committed 21248K, reserved 1069056K
  class space    used 2367K, capacity 2527K, committed 2560K, reserved 1048576K
}
Event: 13.505 GC heap before
{Heap before GC invocations=8 (full 1):
 PSYoungGen      total 43008K, used 31232K [0x00000000eb180000, 0x00000000eeb80000, 0x0000000100000000)
  eden space 31232K, 100% used [0x00000000eb180000,0x00000000ed000000,0x00000000ed000000)
  from space 11776K, 0% used [0x00000000edd00000,0x00000000edd00000,0x00000000ee880000)
  to   space 13312K, 0% used [0x00000000ed000000,0x00000000ed000000,0x00000000edd00000)
 ParOldGen       total 50688K, used 21195K [0x00000000c1400000, 0x00000000c4580000, 0x00000000eb180000)
  object space 50688K, 41% used [0x00000000c1400000,0x00000000c28b2cd8,0x00000000c4580000)
 Metaspace       used 24725K, capacity 25218K, committed 25344K, reserved 1071104K
  class space    used 3151K, capacity 3314K, committed 3328K, reserved 1048576K
Event: 13.516 GC heap after
Heap after GC invocations=8 (full 1):
 PSYoungGen      total 44544K, used 6836K [0x00000000eb180000, 0x00000000eff80000, 0x0000000100000000)
  eden space 31232K, 0% used [0x00000000eb180000,0x00000000eb180000,0x00000000ed000000)
  from space 13312K, 51% used [0x00000000ed000000,0x00000000ed6ad3e8,0x00000000edd00000)
  to   space 12800K, 0% used [0x00000000ef300000,0x00000000ef300000,0x00000000eff80000)
 ParOldGen       total 50688K, used 21203K [0x00000000c1400000, 0x00000000c4580000, 0x00000000eb180000)
  object space 50688K, 41% used [0x00000000c1400000,0x00000000c28b4cd8,0x00000000c4580000)
 Metaspace       used 24725K, capacity 25218K, committed 25344K, reserved 1071104K
  class space    used 3151K, capacity 3314K, committed 3328K, reserved 1048576K
}
Event: 14.347 GC heap before
{Heap before GC invocations=9 (full 1):
 PSYoungGen      total 44544K, used 38068K [0x00000000eb180000, 0x00000000eff80000, 0x0000000100000000)
  eden space 31232K, 100% used [0x00000000eb180000,0x00000000ed000000,0x00000000ed000000)
  from space 13312K, 51% used [0x00000000ed000000,0x00000000ed6ad3e8,0x00000000edd00000)
  to   space 12800K, 0% used [0x00000000ef300000,0x00000000ef300000,0x00000000eff80000)
 ParOldGen       total 50688K, used 21203K [0x00000000c1400000, 0x00000000c4580000, 0x00000000eb180000)
  object space 50688K, 41% used [0x00000000c1400000,0x00000000c28b4cd8,0x00000000c4580000)
 Metaspace       used 29407K, capacity 29950K, committed 30336K, reserved 1075200K
  class space    used 3677K, capacity 3864K, committed 3968K, reserved 1048576K
Event: 14.371 GC heap after
Heap after GC invocations=9 (full 1):
 PSYoungGen      total 65536K, used 12015K [0x00000000eb180000, 0x00000000f0380000, 0x0000000100000000)
  eden space 52736K, 0% used [0x00000000eb180000,0x00000000eb180000,0x00000000ee500000)
  from space 12800K, 93% used [0x00000000ef300000,0x00000000efebbf00,0x00000000eff80000)
  to   space 14336K, 0% used [0x00000000ee500000,0x00000000ee500000,0x00000000ef300000)
 ParOldGen       total 50688K, used 21211K [0x00000000c1400000, 0x00000000c4580000, 0x00000000eb180000)
  object space 50688K, 41% used [0x00000000c1400000,0x00000000c28b6cd8,0x00000000c4580000)
 Metaspace       used 29407K, capacity 29950K, committed 30336K, reserved 1075200K
  class space    used 3677K, capacity 3864K, committed 3968K, reserved 1048576K
}
Event: 17.045 GC heap before
{Heap before GC invocations=10 (full 1):
 PSYoungGen      total 65536K, used 45541K [0x00000000eb180000, 0x00000000f0380000, 0x0000000100000000)
  eden space 52736K, 63% used [0x00000000eb180000,0x00000000ed23d5b8,0x00000000ee500000)
  from space 12800K, 93% used [0x00000000ef300000,0x00000000efebbf00,0x00000000eff80000)
  to   space 14336K, 0% used [0x00000000ee500000,0x00000000ee500000,0x00000000ef300000)
 ParOldGen       total 50688K, used 21211K [0x00000000c1400000, 0x00000000c4580000, 0x00000000eb180000)
  object space 50688K, 41% used [0x00000000c1400000,0x00000000c28b6cd8,0x00000000c4580000)
 Metaspace       used 34636K, capacity 35166K, committed 35416K, reserved 1081344K
  class space    used 4315K, capacity 4508K, committed 4608K, reserved 1048576K
Event: 17.067 GC heap after
Heap after GC invocations=10 (full 1):
 PSYoungGen      total 67072K, used 14313K [0x00000000eb180000, 0x00000000f1b80000, 0x0000000100000000)
  eden space 52736K, 0% used [0x00000000eb180000,0x00000000eb180000,0x00000000ee500000)
  from space 14336K, 99% used [0x00000000ee500000,0x00000000ef2fa6e8,0x00000000ef300000)
  to   space 16384K, 0% used [0x00000000f0b80000,0x00000000f0b80000,0x00000000f1b80000)
 ParOldGen       total 50688K, used 22504K [0x00000000c1400000, 0x00000000c4580000, 0x00000000eb180000)
  object space 50688K, 44% used [0x00000000c1400000,0x00000000c29fa110,0x00000000c4580000)
 Metaspace       used 34636K, capacity 35166K, committed 35416K, reserved 1081344K
  class space    used 4315K, capacity 4508K, committed 4608K, reserved 1048576K
}
Event: 17.067 GC heap before
{Heap before GC invocations=11 (full 2):
 PSYoungGen      total 67072K, used 14313K [0x00000000eb180000, 0x00000000f1b80000, 0x0000000100000000)
  eden space 52736K, 0% used [0x00000000eb180000,0x00000000eb180000,0x00000000ee500000)
  from space 14336K, 99% used [0x00000000ee500000,0x00000000ef2fa6e8,0x00000000ef300000)
  to   space 16384K, 0% used [0x00000000f0b80000,0x00000000f0b80000,0x00000000f1b80000)
 ParOldGen       total 50688K, used 22504K [0x00000000c1400000, 0x00000000c4580000, 0x00000000eb180000)
  object space 50688K, 44% used [0x00000000c1400000,0x00000000c29fa110,0x00000000c4580000)
 Metaspace       used 34636K, capacity 35166K, committed 35416K, reserved 1081344K
  class space    used 4315K, capacity 4508K, committed 4608K, reserved 1048576K
Event: 17.210 GC heap after
Heap after GC invocations=11 (full 2):
 PSYoungGen      total 67072K, used 0K [0x00000000eb180000, 0x00000000f1b80000, 0x0000000100000000)
  eden space 52736K, 0% used [0x00000000eb180000,0x00000000eb180000,0x00000000ee500000)
  from space 14336K, 0% used [0x00000000ee500000,0x00000000ee500000,0x00000000ef300000)
  to   space 16384K, 0% used [0x00000000f0b80000,0x00000000f0b80000,0x00000000f1b80000)
 ParOldGen       total 73216K, used 34482K [0x00000000c1400000, 0x00000000c5b80000, 0x00000000eb180000)
  object space 73216K, 47% used [0x00000000c1400000,0x00000000c35acb38,0x00000000c5b80000)
 Metaspace       used 34636K, capacity 35166K, committed 35416K, reserved 1081344K
  class space    used 4315K, capacity 4508K, committed 4608K, reserved 1048576K
}

