# JRE version: OpenJDK Runtime Environment (8.0_242-b01) (build 1.8.0_242-release-1644-b01)
# Java VM: OpenJDK 64-Bit Server VM (25.242-b01 mixed mode windows-amd64 compressed oops)
Heap:
 PSYoungGen      total 64000K, used 55051K [0x00000000d5580000, 0x00000000d9a00000, 0x0000000100000000)
  eden space 58880K, 85% used [0x00000000d5580000,0x00000000d867bf08,0x00000000d8f00000)
  from space 5120K, 95% used [0x00000000d9480000,0x00000000d9946f00,0x00000000d9980000)
  to   space 5632K, 0% used [0x00000000d8f00000,0x00000000d8f00000,0x00000000d9480000)
 ParOldGen       total 30208K, used 10165K [0x0000000080000000, 0x0000000081d80000, 0x00000000d5580000)
  object space 30208K, 33% used [0x0000000080000000,0x00000000809ed748,0x0000000081d80000)
 Metaspace       used 32279K, capacity 33610K, committed 33792K, reserved 1079296K
  class space    used 4479K, capacity 4784K, committed 4864K, reserved 1048576K
GC Heap History (10 events):
Event: 13.897 GC heap before
{Heap before GC invocations=11 (full 0):
 PSYoungGen      total 29696K, used 26553K [0x00000000d5580000, 0x00000000d7780000, 0x0000000100000000)
  eden space 24576K, 100% used [0x00000000d5580000,0x00000000d6d80000,0x00000000d6d80000)
  from space 5120K, 38% used [0x00000000d7280000,0x00000000d746e410,0x00000000d7780000)
  to   space 5120K, 0% used [0x00000000d6d80000,0x00000000d6d80000,0x00000000d7280000)
 ParOldGen       total 44032K, used 8095K [0x0000000080000000, 0x0000000082b00000, 0x00000000d5580000)
  object space 44032K, 18% used [0x0000000080000000,0x00000000807e7c28,0x0000000082b00000)
 Metaspace       used 18370K, capacity 19076K, committed 19200K, reserved 1064960K
  class space    used 2600K, capacity 2788K, committed 2816K, reserved 1048576K
Event: 13.902 GC heap after
Heap after GC invocations=11 (full 0):
 PSYoungGen      total 29696K, used 2077K [0x00000000d5580000, 0x00000000d8600000, 0x0000000100000000)
  eden space 24576K, 0% used [0x00000000d5580000,0x00000000d5580000,0x00000000d6d80000)
  from space 5120K, 40% used [0x00000000d6d80000,0x00000000d6f87660,0x00000000d7280000)
  to   space 5120K, 0% used [0x00000000d8100000,0x00000000d8100000,0x00000000d8600000)
 ParOldGen       total 44032K, used 8798K [0x0000000080000000, 0x0000000082b00000, 0x00000000d5580000)
  object space 44032K, 19% used [0x0000000080000000,0x0000000080897948,0x0000000082b00000)
 Metaspace       used 18370K, capacity 19076K, committed 19200K, reserved 1064960K
  class space    used 2600K, capacity 2788K, committed 2816K, reserved 1048576K
}
Event: 14.240 GC heap before
{Heap before GC invocations=12 (full 0):
 PSYoungGen      total 29696K, used 25873K [0x00000000d5580000, 0x00000000d8600000, 0x0000000100000000)
  eden space 24576K, 96% used [0x00000000d5580000,0x00000000d6cbceb8,0x00000000d6d80000)
  from space 5120K, 40% used [0x00000000d6d80000,0x00000000d6f87660,0x00000000d7280000)
  to   space 5120K, 0% used [0x00000000d8100000,0x00000000d8100000,0x00000000d8600000)
 ParOldGen       total 44032K, used 8798K [0x0000000080000000, 0x0000000082b00000, 0x00000000d5580000)
  object space 44032K, 19% used [0x0000000080000000,0x0000000080897948,0x0000000082b00000)
 Metaspace       used 20419K, capacity 21236K, committed 21296K, reserved 1067008K
  class space    used 2947K, capacity 3150K, committed 3200K, reserved 1048576K
Event: 14.245 GC heap after
Heap after GC invocations=12 (full 0):
 PSYoungGen      total 44544K, used 3154K [0x00000000d5580000, 0x00000000d8600000, 0x0000000100000000)
  eden space 39424K, 0% used [0x00000000d5580000,0x00000000d5580000,0x00000000d7c00000)
  from space 5120K, 61% used [0x00000000d8100000,0x00000000d8414b20,0x00000000d8600000)
  to   space 5120K, 0% used [0x00000000d7c00000,0x00000000d7c00000,0x00000000d8100000)
 ParOldGen       total 44032K, used 9334K [0x0000000080000000, 0x0000000082b00000, 0x00000000d5580000)
  object space 44032K, 21% used [0x0000000080000000,0x000000008091d958,0x0000000082b00000)
 Metaspace       used 20419K, capacity 21236K, committed 21296K, reserved 1067008K
  class space    used 2947K, capacity 3150K, committed 3200K, reserved 1048576K
}
Event: 14.245 GC heap before
{Heap before GC invocations=13 (full 1):
 PSYoungGen      total 44544K, used 3154K [0x00000000d5580000, 0x00000000d8600000, 0x0000000100000000)
  eden space 39424K, 0% used [0x00000000d5580000,0x00000000d5580000,0x00000000d7c00000)
  from space 5120K, 61% used [0x00000000d8100000,0x00000000d8414b20,0x00000000d8600000)
  to   space 5120K, 0% used [0x00000000d7c00000,0x00000000d7c00000,0x00000000d8100000)
 ParOldGen       total 44032K, used 9334K [0x0000000080000000, 0x0000000082b00000, 0x00000000d5580000)
  object space 44032K, 21% used [0x0000000080000000,0x000000008091d958,0x0000000082b00000)
 Metaspace       used 20419K, capacity 21236K, committed 21296K, reserved 1067008K
  class space    used 2947K, capacity 3150K, committed 3200K, reserved 1048576K
Event: 14.288 GC heap after
Heap after GC invocations=13 (full 1):
 PSYoungGen      total 44544K, used 0K [0x00000000d5580000, 0x00000000d8600000, 0x0000000100000000)
  eden space 39424K, 0% used [0x00000000d5580000,0x00000000d5580000,0x00000000d7c00000)
  from space 5120K, 0% used [0x00000000d8100000,0x00000000d8100000,0x00000000d8600000)
  to   space 5120K, 0% used [0x00000000d7c00000,0x00000000d7c00000,0x00000000d8100000)
 ParOldGen       total 30208K, used 8857K [0x0000000080000000, 0x0000000081d80000, 0x00000000d5580000)
  object space 30208K, 29% used [0x0000000080000000,0x00000000808a65f8,0x0000000081d80000)
 Metaspace       used 20419K, capacity 21236K, committed 21296K, reserved 1067008K
  class space    used 2947K, capacity 3150K, committed 3200K, reserved 1048576K
}
Event: 14.928 GC heap before
{Heap before GC invocations=14 (full 1):
 PSYoungGen      total 44544K, used 39424K [0x00000000d5580000, 0x00000000d8600000, 0x0000000100000000)
  eden space 39424K, 100% used [0x00000000d5580000,0x00000000d7c00000,0x00000000d7c00000)
  from space 5120K, 0% used [0x00000000d8100000,0x00000000d8100000,0x00000000d8600000)
  to   space 5120K, 0% used [0x00000000d7c00000,0x00000000d7c00000,0x00000000d8100000)
 ParOldGen       total 30208K, used 8857K [0x0000000080000000, 0x0000000081d80000, 0x00000000d5580000)
  object space 30208K, 29% used [0x0000000080000000,0x00000000808a65f8,0x0000000081d80000)
 Metaspace       used 22236K, capacity 23314K, committed 23552K, reserved 1069056K
  class space    used 3252K, capacity 3541K, committed 3584K, reserved 1048576K
Event: 14.934 GC heap after
Heap after GC invocations=14 (full 1):
 PSYoungGen      total 44544K, used 3052K [0x00000000d5580000, 0x00000000d9980000, 0x0000000100000000)
  eden space 39424K, 0% used [0x00000000d5580000,0x00000000d5580000,0x00000000d7c00000)
  from space 5120K, 59% used [0x00000000d7c00000,0x00000000d7efb148,0x00000000d8100000)
  to   space 5120K, 0% used [0x00000000d9480000,0x00000000d9480000,0x00000000d9980000)
 ParOldGen       total 30208K, used 8865K [0x0000000080000000, 0x0000000081d80000, 0x00000000d5580000)
  object space 30208K, 29% used [0x0000000080000000,0x00000000808a85f8,0x0000000081d80000)
 Metaspace       used 22236K, capacity 23314K, committed 23552K, reserved 1069056K
  class space    used 3252K, capacity 3541K, committed 3584K, reserved 1048576K
}
Event: 16.366 GC heap before
{Heap before GC invocations=15 (full 1):
 PSYoungGen      total 44544K, used 42476K [0x00000000d5580000, 0x00000000d9980000, 0x0000000100000000)
  eden space 39424K, 100% used [0x00000000d5580000,0x00000000d7c00000,0x00000000d7c00000)
  from space 5120K, 59% used [0x00000000d7c00000,0x00000000d7efb148,0x00000000d8100000)
  to   space 5120K, 0% used [0x00000000d9480000,0x00000000d9480000,0x00000000d9980000)
 ParOldGen       total 30208K, used 8865K [0x0000000080000000, 0x0000000081d80000, 0x00000000d5580000)
  object space 30208K, 29% used [0x0000000080000000,0x00000000808a85f8,0x0000000081d80000)
 Metaspace       used 26284K, capacity 27444K, committed 27776K, reserved 1073152K
  class space    used 3825K, capacity 4107K, committed 4224K, reserved 1048576K
Event: 16.375 GC heap after
Heap after GC invocations=15 (full 1):
 PSYoungGen      total 64000K, used 4891K [0x00000000d5580000, 0x00000000d9a00000, 0x0000000100000000)
  eden space 58880K, 0% used [0x00000000d5580000,0x00000000d5580000,0x00000000d8f00000)
  from space 5120K, 95% used [0x00000000d9480000,0x00000000d9946f00,0x00000000d9980000)
  to   space 5632K, 0% used [0x00000000d8f00000,0x00000000d8f00000,0x00000000d9480000)
 ParOldGen       total 30208K, used 10165K [0x0000000080000000, 0x0000000081d80000, 0x00000000d5580000)
  object space 30208K, 33% used [0x0000000080000000,0x00000000809ed748,0x0000000081d80000)
 Metaspace       used 26284K, capacity 27444K, committed 27776K, reserved 1073152K
  class space    used 3825K, capacity 4107K, committed 4224K, reserved 1048576K
}

