# JRE version: OpenJDK Runtime Environment (8.0_242-b01) (build 1.8.0_242-release-1644-b01)
# Java VM: OpenJDK 64-Bit Server VM (25.242-b01 mixed mode windows-amd64 compressed oops)
Heap:
 PSYoungGen      total 312832K, used 170653K [0x00000000d5580000, 0x00000000eca80000, 0x0000000100000000)
  eden space 274944K, 62% used [0x00000000d5580000,0x00000000dfc27450,0x00000000e6200000)
  from space 37888K, 0% used [0x00000000e6200000,0x00000000e6200000,0x00000000e8700000)
  to   space 37888K, 0% used [0x00000000ea580000,0x00000000ea580000,0x00000000eca80000)
 ParOldGen       total 163328K, used 62067K [0x0000000080000000, 0x0000000089f80000, 0x00000000d5580000)
  object space 163328K, 38% used [0x0000000080000000,0x0000000083c9cc20,0x0000000089f80000)
 Metaspace       used 97628K, capacity 101818K, committed 102528K, reserved 1138688K
  class space    used 12496K, capacity 13244K, committed 13440K, reserved 1048576K
GC Heap History (10 events):
Event: 20.092 GC heap before
{Heap before GC invocations=17 (full 3):
 PSYoungGen      total 232448K, used 212480K [0x00000000d5580000, 0x00000000e8380000, 0x0000000100000000)
  eden space 212480K, 100% used [0x00000000d5580000,0x00000000e2500000,0x00000000e2500000)
  from space 19968K, 0% used [0x00000000e2500000,0x00000000e2500000,0x00000000e3880000)
  to   space 19456K, 0% used [0x00000000e7080000,0x00000000e7080000,0x00000000e8380000)
 ParOldGen       total 98816K, used 34185K [0x0000000080000000, 0x0000000086080000, 0x00000000d5580000)
  object space 98816K, 34% used [0x0000000080000000,0x0000000082162670,0x0000000086080000)
 Metaspace       used 68406K, capacity 72312K, committed 72448K, reserved 1112064K
  class space    used 9431K, capacity 10163K, committed 10240K, reserved 1048576K
Event: 20.189 GC heap after
Heap after GC invocations=17 (full 3):
 PSYoungGen      total 269312K, used 19434K [0x00000000d5580000, 0x00000000e8380000, 0x0000000100000000)
  eden space 249856K, 0% used [0x00000000d5580000,0x00000000d5580000,0x00000000e4980000)
  from space 19456K, 99% used [0x00000000e7080000,0x00000000e837a928,0x00000000e8380000)
  to   space 23552K, 0% used [0x00000000e5580000,0x00000000e5580000,0x00000000e6c80000)
 ParOldGen       total 98816K, used 36801K [0x0000000080000000, 0x0000000086080000, 0x00000000d5580000)
  object space 98816K, 37% used [0x0000000080000000,0x00000000823f0688,0x0000000086080000)
 Metaspace       used 68406K, capacity 72312K, committed 72448K, reserved 1112064K
  class space    used 9431K, capacity 10163K, committed 10240K, reserved 1048576K
}
Event: 68.694 GC heap before
{Heap before GC invocations=18 (full 3):
 PSYoungGen      total 269312K, used 269290K [0x00000000d5580000, 0x00000000e8380000, 0x0000000100000000)
  eden space 249856K, 100% used [0x00000000d5580000,0x00000000e4980000,0x00000000e4980000)
  from space 19456K, 99% used [0x00000000e7080000,0x00000000e837a928,0x00000000e8380000)
  to   space 23552K, 0% used [0x00000000e5580000,0x00000000e5580000,0x00000000e6c80000)
 ParOldGen       total 98816K, used 36801K [0x0000000080000000, 0x0000000086080000, 0x00000000d5580000)
  object space 98816K, 37% used [0x0000000080000000,0x00000000823f0688,0x0000000086080000)
 Metaspace       used 77469K, capacity 81864K, committed 82048K, reserved 1120256K
  class space    used 10592K, capacity 11373K, committed 11392K, reserved 1048576K
Event: 68.944 GC heap after
Heap after GC invocations=18 (full 3):
 PSYoungGen      total 285696K, used 18529K [0x00000000d5580000, 0x00000000ea000000, 0x0000000100000000)
  eden space 262144K, 0% used [0x00000000d5580000,0x00000000d5580000,0x00000000e5580000)
  from space 23552K, 78% used [0x00000000e5580000,0x00000000e6798580,0x00000000e6c80000)
  to   space 25600K, 0% used [0x00000000e8700000,0x00000000e8700000,0x00000000ea000000)
 ParOldGen       total 98816K, used 49674K [0x0000000080000000, 0x0000000086080000, 0x00000000d5580000)
  object space 98816K, 50% used [0x0000000080000000,0x00000000830829b0,0x0000000086080000)
 Metaspace       used 77469K, capacity 81864K, committed 82048K, reserved 1120256K
  class space    used 10592K, capacity 11373K, committed 11392K, reserved 1048576K
}
Event: 76.403 GC heap before
{Heap before GC invocations=19 (full 3):
 PSYoungGen      total 285696K, used 280673K [0x00000000d5580000, 0x00000000ea000000, 0x0000000100000000)
  eden space 262144K, 100% used [0x00000000d5580000,0x00000000e5580000,0x00000000e5580000)
  from space 23552K, 78% used [0x00000000e5580000,0x00000000e6798580,0x00000000e6c80000)
  to   space 25600K, 0% used [0x00000000e8700000,0x00000000e8700000,0x00000000ea000000)
 ParOldGen       total 98816K, used 49674K [0x0000000080000000, 0x0000000086080000, 0x00000000d5580000)
  object space 98816K, 50% used [0x0000000080000000,0x00000000830829b0,0x0000000086080000)
 Metaspace       used 93511K, capacity 97972K, committed 98304K, reserved 1134592K
  class space    used 12267K, capacity 13051K, committed 13056K, reserved 1048576K
Event: 76.808 GC heap after
Heap after GC invocations=19 (full 3):
 PSYoungGen      total 300544K, used 25593K [0x00000000d5580000, 0x00000000ed180000, 0x0000000100000000)
  eden space 274944K, 0% used [0x00000000d5580000,0x00000000d5580000,0x00000000e6200000)
  from space 25600K, 99% used [0x00000000e8700000,0x00000000e9ffe6e8,0x00000000ea000000)
  to   space 37888K, 0% used [0x00000000e6200000,0x00000000e6200000,0x00000000e8700000)
 ParOldGen       total 98816K, used 71342K [0x0000000080000000, 0x0000000086080000, 0x00000000d5580000)
  object space 98816K, 72% used [0x0000000080000000,0x00000000845abb78,0x0000000086080000)
 Metaspace       used 93511K, capacity 97972K, committed 98304K, reserved 1134592K
  class space    used 12267K, capacity 13051K, committed 13056K, reserved 1048576K
}
Event: 105.540 GC heap before
{Heap before GC invocations=20 (full 3):
 PSYoungGen      total 300544K, used 56702K [0x00000000d5580000, 0x00000000ed180000, 0x0000000100000000)
  eden space 274944K, 11% used [0x00000000d5580000,0x00000000d73e14a8,0x00000000e6200000)
  from space 25600K, 99% used [0x00000000e8700000,0x00000000e9ffe6e8,0x00000000ea000000)
  to   space 37888K, 0% used [0x00000000e6200000,0x00000000e6200000,0x00000000e8700000)
 ParOldGen       total 98816K, used 71342K [0x0000000080000000, 0x0000000086080000, 0x00000000d5580000)
  object space 98816K, 72% used [0x0000000080000000,0x00000000845abb78,0x0000000086080000)
 Metaspace       used 93892K, capacity 98402K, committed 98496K, reserved 1134592K
  class space    used 12322K, capacity 13134K, committed 13184K, reserved 1048576K
Event: 105.765 GC heap after
Heap after GC invocations=20 (full 3):
 PSYoungGen      total 312832K, used 1238K [0x00000000d5580000, 0x00000000eca80000, 0x0000000100000000)
  eden space 274944K, 0% used [0x00000000d5580000,0x00000000d5580000,0x00000000e6200000)
  from space 37888K, 3% used [0x00000000e6200000,0x00000000e6335a00,0x00000000e8700000)
  to   space 37888K, 0% used [0x00000000ea580000,0x00000000ea580000,0x00000000eca80000)
 ParOldGen       total 98816K, used 96597K [0x0000000080000000, 0x0000000086080000, 0x00000000d5580000)
  object space 98816K, 97% used [0x0000000080000000,0x0000000085e554e0,0x0000000086080000)
 Metaspace       used 93892K, capacity 98402K, committed 98496K, reserved 1134592K
  class space    used 12322K, capacity 13134K, committed 13184K, reserved 1048576K
}
Event: 105.765 GC heap before
{Heap before GC invocations=21 (full 4):
 PSYoungGen      total 312832K, used 1238K [0x00000000d5580000, 0x00000000eca80000, 0x0000000100000000)
  eden space 274944K, 0% used [0x00000000d5580000,0x00000000d5580000,0x00000000e6200000)
  from space 37888K, 3% used [0x00000000e6200000,0x00000000e6335a00,0x00000000e8700000)
  to   space 37888K, 0% used [0x00000000ea580000,0x00000000ea580000,0x00000000eca80000)
 ParOldGen       total 98816K, used 96597K [0x0000000080000000, 0x0000000086080000, 0x00000000d5580000)
  object space 98816K, 97% used [0x0000000080000000,0x0000000085e554e0,0x0000000086080000)
 Metaspace       used 93892K, capacity 98402K, committed 98496K, reserved 1134592K
  class space    used 12322K, capacity 13134K, committed 13184K, reserved 1048576K
Event: 111.484 GC heap after
Heap after GC invocations=21 (full 4):
 PSYoungGen      total 312832K, used 0K [0x00000000d5580000, 0x00000000eca80000, 0x0000000100000000)
  eden space 274944K, 0% used [0x00000000d5580000,0x00000000d5580000,0x00000000e6200000)
  from space 37888K, 0% used [0x00000000e6200000,0x00000000e6200000,0x00000000e8700000)
  to   space 37888K, 0% used [0x00000000ea580000,0x00000000ea580000,0x00000000eca80000)
 ParOldGen       total 163328K, used 62067K [0x0000000080000000, 0x0000000089f80000, 0x00000000d5580000)
  object space 163328K, 38% used [0x0000000080000000,0x0000000083c9cc20,0x0000000089f80000)
 Metaspace       used 93634K, capacity 97616K, committed 98496K, reserved 1134592K
  class space    used 12238K, capacity 12987K, committed 13184K, reserved 1048576K
}

