# JRE version: OpenJDK Runtime Environment (8.0_242-b01) (build 1.8.0_242-release-1644-b01)
# Java VM: OpenJDK 64-Bit Server VM (25.242-b01 mixed mode windows-amd64 compressed oops)
Heap:
 PSYoungGen      total 224256K, used 202257K [0x00000000d5580000, 0x00000000e4580000, 0x0000000100000000)
  eden space 204288K, 91% used [0x00000000d5580000,0x00000000e0bf60e8,0x00000000e1d00000)
  from space 19968K, 77% used [0x00000000e1e80000,0x00000000e2d8e4b0,0x00000000e3200000)
  to   space 16896K, 0% used [0x00000000e3500000,0x00000000e3500000,0x00000000e4580000)
 ParOldGen       total 80384K, used 46207K [0x0000000080000000, 0x0000000084e80000, 0x00000000d5580000)
  object space 80384K, 57% used [0x0000000080000000,0x0000000082d1fe70,0x0000000084e80000)
 Metaspace       used 82664K, capacity 86920K, committed 87040K, reserved 1124352K
  class space    used 10948K, capacity 11711K, committed 11776K, reserved 1048576K
GC Heap History (10 events):
Event: 15.869 GC heap before
{Heap before GC invocations=16 (full 2):
 PSYoungGen      total 127488K, used 122737K [0x00000000d5580000, 0x00000000e0a80000, 0x0000000100000000)
  eden space 116224K, 100% used [0x00000000d5580000,0x00000000dc700000,0x00000000dc700000)
  from space 11264K, 57% used [0x00000000dc700000,0x00000000dcd5c5f0,0x00000000dd200000)
  to   space 11264K, 0% used [0x00000000dff80000,0x00000000dff80000,0x00000000e0a80000)
 ParOldGen       total 47104K, used 13930K [0x0000000080000000, 0x0000000082e00000, 0x00000000d5580000)
  object space 47104K, 29% used [0x0000000080000000,0x0000000080d9aa78,0x0000000082e00000)
 Metaspace       used 47502K, capacity 49748K, committed 49920K, reserved 1091584K
  class space    used 6434K, capacity 6879K, committed 6912K, reserved 1048576K
Event: 15.889 GC heap after
Heap after GC invocations=16 (full 2):
 PSYoungGen      total 169984K, used 11255K [0x00000000d5580000, 0x00000000e0d80000, 0x0000000100000000)
  eden space 158720K, 0% used [0x00000000d5580000,0x00000000d5580000,0x00000000df080000)
  from space 11264K, 99% used [0x00000000dff80000,0x00000000e0a7dcd8,0x00000000e0a80000)
  to   space 14848K, 0% used [0x00000000df080000,0x00000000df080000,0x00000000dff00000)
 ParOldGen       total 47104K, used 18837K [0x0000000080000000, 0x0000000082e00000, 0x00000000d5580000)
  object space 47104K, 39% used [0x0000000080000000,0x00000000812656f8,0x0000000082e00000)
 Metaspace       used 47502K, capacity 49748K, committed 49920K, reserved 1091584K
  class space    used 6434K, capacity 6879K, committed 6912K, reserved 1048576K
}
Event: 19.806 GC heap before
{Heap before GC invocations=17 (full 2):
 PSYoungGen      total 169984K, used 128619K [0x00000000d5580000, 0x00000000e0d80000, 0x0000000100000000)
  eden space 158720K, 73% used [0x00000000d5580000,0x00000000dc81d158,0x00000000df080000)
  from space 11264K, 99% used [0x00000000dff80000,0x00000000e0a7dcd8,0x00000000e0a80000)
  to   space 14848K, 0% used [0x00000000df080000,0x00000000df080000,0x00000000dff00000)
 ParOldGen       total 47104K, used 18837K [0x0000000080000000, 0x0000000082e00000, 0x00000000d5580000)
  object space 47104K, 39% used [0x0000000080000000,0x00000000812656f8,0x0000000082e00000)
 Metaspace       used 56341K, capacity 59052K, committed 59096K, reserved 1099776K
  class space    used 7519K, capacity 8059K, committed 8064K, reserved 1048576K
Event: 19.836 GC heap after
Heap after GC invocations=17 (full 2):
 PSYoungGen      total 173568K, used 14127K [0x00000000d5580000, 0x00000000e4580000, 0x0000000100000000)
  eden space 158720K, 0% used [0x00000000d5580000,0x00000000d5580000,0x00000000df080000)
  from space 14848K, 95% used [0x00000000df080000,0x00000000dfe4bf60,0x00000000dff00000)
  to   space 16896K, 0% used [0x00000000e3500000,0x00000000e3500000,0x00000000e4580000)
 ParOldGen       total 47104K, used 25099K [0x0000000080000000, 0x0000000082e00000, 0x00000000d5580000)
  object space 47104K, 53% used [0x0000000080000000,0x0000000081882d30,0x0000000082e00000)
 Metaspace       used 56341K, capacity 59052K, committed 59096K, reserved 1099776K
  class space    used 7519K, capacity 8059K, committed 8064K, reserved 1048576K
}
Event: 19.836 GC heap before
{Heap before GC invocations=18 (full 3):
 PSYoungGen      total 173568K, used 14127K [0x00000000d5580000, 0x00000000e4580000, 0x0000000100000000)
  eden space 158720K, 0% used [0x00000000d5580000,0x00000000d5580000,0x00000000df080000)
  from space 14848K, 95% used [0x00000000df080000,0x00000000dfe4bf60,0x00000000dff00000)
  to   space 16896K, 0% used [0x00000000e3500000,0x00000000e3500000,0x00000000e4580000)
 ParOldGen       total 47104K, used 25099K [0x0000000080000000, 0x0000000082e00000, 0x00000000d5580000)
  object space 47104K, 53% used [0x0000000080000000,0x0000000081882d30,0x0000000082e00000)
 Metaspace       used 56341K, capacity 59052K, committed 59096K, reserved 1099776K
  class space    used 7519K, capacity 8059K, committed 8064K, reserved 1048576K
Event: 20.117 GC heap after
Heap after GC invocations=18 (full 3):
 PSYoungGen      total 173568K, used 0K [0x00000000d5580000, 0x00000000e4580000, 0x0000000100000000)
  eden space 158720K, 0% used [0x00000000d5580000,0x00000000d5580000,0x00000000df080000)
  from space 14848K, 0% used [0x00000000df080000,0x00000000df080000,0x00000000dff00000)
  to   space 16896K, 0% used [0x00000000e3500000,0x00000000e3500000,0x00000000e4580000)
 ParOldGen       total 80384K, used 36202K [0x0000000080000000, 0x0000000084e80000, 0x00000000d5580000)
  object space 80384K, 45% used [0x0000000080000000,0x000000008235a800,0x0000000084e80000)
 Metaspace       used 56271K, capacity 58812K, committed 59096K, reserved 1099776K
  class space    used 7497K, capacity 8019K, committed 8064K, reserved 1048576K
}
Event: 23.303 GC heap before
{Heap before GC invocations=19 (full 3):
 PSYoungGen      total 173568K, used 158720K [0x00000000d5580000, 0x00000000e4580000, 0x0000000100000000)
  eden space 158720K, 100% used [0x00000000d5580000,0x00000000df080000,0x00000000df080000)
  from space 14848K, 0% used [0x00000000df080000,0x00000000df080000,0x00000000dff00000)
  to   space 16896K, 0% used [0x00000000e3500000,0x00000000e3500000,0x00000000e4580000)
 ParOldGen       total 80384K, used 36202K [0x0000000080000000, 0x0000000084e80000, 0x00000000d5580000)
  object space 80384K, 45% used [0x0000000080000000,0x000000008235a800,0x0000000084e80000)
 Metaspace       used 67629K, capacity 70896K, committed 71168K, reserved 1110016K
  class space    used 9306K, capacity 9925K, committed 9984K, reserved 1048576K
Event: 23.327 GC heap after
Heap after GC invocations=19 (full 3):
 PSYoungGen      total 221184K, used 16884K [0x00000000d5580000, 0x00000000e4580000, 0x0000000100000000)
  eden space 204288K, 0% used [0x00000000d5580000,0x00000000d5580000,0x00000000e1d00000)
  from space 16896K, 99% used [0x00000000e3500000,0x00000000e457d0f0,0x00000000e4580000)
  to   space 19968K, 0% used [0x00000000e1e80000,0x00000000e1e80000,0x00000000e3200000)
 ParOldGen       total 80384K, used 37294K [0x0000000080000000, 0x0000000084e80000, 0x00000000d5580000)
  object space 80384K, 46% used [0x0000000080000000,0x000000008246b900,0x0000000084e80000)
 Metaspace       used 67629K, capacity 70896K, committed 71168K, reserved 1110016K
  class space    used 9306K, capacity 9925K, committed 9984K, reserved 1048576K
}
Event: 26.662 GC heap before
{Heap before GC invocations=20 (full 3):
 PSYoungGen      total 221184K, used 221172K [0x00000000d5580000, 0x00000000e4580000, 0x0000000100000000)
  eden space 204288K, 100% used [0x00000000d5580000,0x00000000e1d00000,0x00000000e1d00000)
  from space 16896K, 99% used [0x00000000e3500000,0x00000000e457d0f0,0x00000000e4580000)
  to   space 19968K, 0% used [0x00000000e1e80000,0x00000000e1e80000,0x00000000e3200000)
 ParOldGen       total 80384K, used 37294K [0x0000000080000000, 0x0000000084e80000, 0x00000000d5580000)
  object space 80384K, 46% used [0x0000000080000000,0x000000008246b900,0x0000000084e80000)
 Metaspace       used 73153K, capacity 77162K, committed 77312K, reserved 1116160K
  class space    used 9999K, capacity 10706K, committed 10752K, reserved 1048576K
Event: 26.764 GC heap after
Heap after GC invocations=20 (full 3):
 PSYoungGen      total 224256K, used 15417K [0x00000000d5580000, 0x00000000e4580000, 0x0000000100000000)
  eden space 204288K, 0% used [0x00000000d5580000,0x00000000d5580000,0x00000000e1d00000)
  from space 19968K, 77% used [0x00000000e1e80000,0x00000000e2d8e4b0,0x00000000e3200000)
  to   space 16896K, 0% used [0x00000000e3500000,0x00000000e3500000,0x00000000e4580000)
 ParOldGen       total 80384K, used 46207K [0x0000000080000000, 0x0000000084e80000, 0x00000000d5580000)
  object space 80384K, 57% used [0x0000000080000000,0x0000000082d1fe70,0x0000000084e80000)
 Metaspace       used 73153K, capacity 77162K, committed 77312K, reserved 1116160K
  class space    used 9999K, capacity 10706K, committed 10752K, reserved 1048576K
}

